<?xml version="1.0" encoding="UTF-8"?>
<testng-results ignored="0" total="1" passed="1" failed="0" skipped="0">
  <reporter-output>
  </reporter-output>
  <suite started-at="2023-10-02T11:24:30 IST" name="Default suite" finished-at="2023-10-02T11:24:30 IST" duration-ms="164">
    <groups>
    </groups>
    <test started-at="2023-10-02T11:24:30 IST" name="Default test" finished-at="2023-10-02T11:24:30 IST" duration-ms="164">
      <class name="corejava.PS1">
        <test-method is-config="true" signature="beforeRun()[pri:0, instance:corejava.PS1@1ffaf86]" started-at="2023-10-02T11:24:30 IST" name="beforeRun" finished-at="2023-10-02T11:24:30 IST" duration-ms="15" status="PASS">
          <reporter-output>
          </reporter-output>
        </test-method> <!-- beforeRun -->
        <test-method signature="testRun()[pri:0, instance:corejava.PS1@1ffaf86]" started-at="2023-10-02T11:24:30 IST" name="testRun" finished-at="2023-10-02T11:24:30 IST" duration-ms="28" status="PASS">
          <reporter-output>
          </reporter-output>
        </test-method> <!-- testRun -->
        <test-method is-config="true" signature="afterRun()[pri:0, instance:corejava.PS1@1ffaf86]" started-at="2023-10-02T11:24:30 IST" name="afterRun" finished-at="2023-10-02T11:24:30 IST" duration-ms="3" status="PASS">
          <reporter-output>
          </reporter-output>
        </test-method> <!-- afterRun -->
      </class> <!-- corejava.PS1 -->
    </test> <!-- Default test -->
  </suite> <!-- Default suite -->
</testng-results>
